This is pdfTeX, Version 3.14159265-2.6-1.40.15 (TeX Live 2014) (preloaded format=pdflatex 2016.3.3)  25 JUL 2016 16:27
entering extended mode
 restricted \write18 enabled.
 %&-line parsing enabled.
**main.tex
(./main.tex
LaTeX2e <2011/06/27>
Babel <3.9k> and hyphenation patterns for 2 languages loaded.
(/usr/share/texlive/texmf-dist/tex/latex/base/book.cls
Document Class: book 2007/10/19 v1.4h Standard LaTeX document class
(/usr/share/texlive/texmf-dist/tex/latex/base/bk12.clo
File: bk12.clo 2007/10/19 v1.4h Standard LaTeX file (size option)
)
\c@part=\count79
\c@chapter=\count80
\c@section=\count81
\c@subsection=\count82
\c@subsubsection=\count83
\c@paragraph=\count84
\c@subparagraph=\count85
\c@figure=\count86
\c@table=\count87
\abovecaptionskip=\skip41
\belowcaptionskip=\skip42
\bibindent=\dimen102
) (./meta-donnees.sty
Package: meta-donnees 2011/02/25 v0.01
\@UGTtitlepageshift=\skip43
\@Sethpageshift=\skip44
\@Setvpageshift=\skip45
)
(/usr/share/texlive/texmf-dist/tex/latex/base/inputenc.sty
Package: inputenc 2008/03/30 v1.1d Input encoding file
\inpenc@prehook=\toks14
\inpenc@posthook=\toks15

(/usr/share/texlive/texmf-dist/tex/latex/base/utf8.def
File: utf8.def 2008/04/05 v1.1m UTF-8 support for inputenc
Now handling font encoding OML ...
... no UTF-8 mapping file for font encoding OML
Now handling font encoding T1 ...
... processing UTF-8 mapping file for font encoding T1

(/usr/share/texlive/texmf-dist/tex/latex/base/t1enc.dfu
File: t1enc.dfu 2008/04/05 v1.1m UTF-8 support for inputenc
   defining Unicode char U+00A1 (decimal 161)
   defining Unicode char U+00A3 (decimal 163)
   defining Unicode char U+00AB (decimal 171)
   defining Unicode char U+00BB (decimal 187)
   defining Unicode char U+00BF (decimal 191)
   defining Unicode char U+00C0 (decimal 192)
   defining Unicode char U+00C1 (decimal 193)
   defining Unicode char U+00C2 (decimal 194)
   defining Unicode char U+00C3 (decimal 195)
   defining Unicode char U+00C4 (decimal 196)
   defining Unicode char U+00C5 (decimal 197)
   defining Unicode char U+00C6 (decimal 198)
   defining Unicode char U+00C7 (decimal 199)
   defining Unicode char U+00C8 (decimal 200)
   defining Unicode char U+00C9 (decimal 201)
   defining Unicode char U+00CA (decimal 202)
   defining Unicode char U+00CB (decimal 203)
   defining Unicode char U+00CC (decimal 204)
   defining Unicode char U+00CD (decimal 205)
   defining Unicode char U+00CE (decimal 206)
   defining Unicode char U+00CF (decimal 207)
   defining Unicode char U+00D0 (decimal 208)
   defining Unicode char U+00D1 (decimal 209)
   defining Unicode char U+00D2 (decimal 210)
   defining Unicode char U+00D3 (decimal 211)
   defining Unicode char U+00D4 (decimal 212)
   defining Unicode char U+00D5 (decimal 213)
   defining Unicode char U+00D6 (decimal 214)
   defining Unicode char U+00D8 (decimal 216)
   defining Unicode char U+00D9 (decimal 217)
   defining Unicode char U+00DA (decimal 218)
   defining Unicode char U+00DB (decimal 219)
   defining Unicode char U+00DC (decimal 220)
   defining Unicode char U+00DD (decimal 221)
   defining Unicode char U+00DE (decimal 222)
   defining Unicode char U+00DF (decimal 223)
   defining Unicode char U+00E0 (decimal 224)
   defining Unicode char U+00E1 (decimal 225)
   defining Unicode char U+00E2 (decimal 226)
   defining Unicode char U+00E3 (decimal 227)
   defining Unicode char U+00E4 (decimal 228)
   defining Unicode char U+00E5 (decimal 229)
   defining Unicode char U+00E6 (decimal 230)
   defining Unicode char U+00E7 (decimal 231)
   defining Unicode char U+00E8 (decimal 232)
   defining Unicode char U+00E9 (decimal 233)
   defining Unicode char U+00EA (decimal 234)
   defining Unicode char U+00EB (decimal 235)
   defining Unicode char U+00EC (decimal 236)
   defining Unicode char U+00ED (decimal 237)
   defining Unicode char U+00EE (decimal 238)
   defining Unicode char U+00EF (decimal 239)
   defining Unicode char U+00F0 (decimal 240)
   defining Unicode char U+00F1 (decimal 241)
   defining Unicode char U+00F2 (decimal 242)
   defining Unicode char U+00F3 (decimal 243)
   defining Unicode char U+00F4 (decimal 244)
   defining Unicode char U+00F5 (decimal 245)
   defining Unicode char U+00F6 (decimal 246)
   defining Unicode char U+00F8 (decimal 248)
   defining Unicode char U+00F9 (decimal 249)
   defining Unicode char U+00FA (decimal 250)
   defining Unicode char U+00FB (decimal 251)
   defining Unicode char U+00FC (decimal 252)
   defining Unicode char U+00FD (decimal 253)
   defining Unicode char U+00FE (decimal 254)
   defining Unicode char U+00FF (decimal 255)
   defining Unicode char U+0102 (decimal 258)
   defining Unicode char U+0103 (decimal 259)
   defining Unicode char U+0104 (decimal 260)
   defining Unicode char U+0105 (decimal 261)
   defining Unicode char U+0106 (decimal 262)
   defining Unicode char U+0107 (decimal 263)
   defining Unicode char U+010C (decimal 268)
   defining Unicode char U+010D (decimal 269)
   defining Unicode char U+010E (decimal 270)
   defining Unicode char U+010F (decimal 271)
   defining Unicode char U+0110 (decimal 272)
   defining Unicode char U+0111 (decimal 273)
   defining Unicode char U+0118 (decimal 280)
   defining Unicode char U+0119 (decimal 281)
   defining Unicode char U+011A (decimal 282)
   defining Unicode char U+011B (decimal 283)
   defining Unicode char U+011E (decimal 286)
   defining Unicode char U+011F (decimal 287)
   defining Unicode char U+0130 (decimal 304)
   defining Unicode char U+0131 (decimal 305)
   defining Unicode char U+0132 (decimal 306)
   defining Unicode char U+0133 (decimal 307)
   defining Unicode char U+0139 (decimal 313)
   defining Unicode char U+013A (decimal 314)
   defining Unicode char U+013D (decimal 317)
   defining Unicode char U+013E (decimal 318)
   defining Unicode char U+0141 (decimal 321)
   defining Unicode char U+0142 (decimal 322)
   defining Unicode char U+0143 (decimal 323)
   defining Unicode char U+0144 (decimal 324)
   defining Unicode char U+0147 (decimal 327)
   defining Unicode char U+0148 (decimal 328)
   defining Unicode char U+014A (decimal 330)
   defining Unicode char U+014B (decimal 331)
   defining Unicode char U+0150 (decimal 336)
   defining Unicode char U+0151 (decimal 337)
   defining Unicode char U+0152 (decimal 338)
   defining Unicode char U+0153 (decimal 339)
   defining Unicode char U+0154 (decimal 340)
   defining Unicode char U+0155 (decimal 341)
   defining Unicode char U+0158 (decimal 344)
   defining Unicode char U+0159 (decimal 345)
   defining Unicode char U+015A (decimal 346)
   defining Unicode char U+015B (decimal 347)
   defining Unicode char U+015E (decimal 350)
   defining Unicode char U+015F (decimal 351)
   defining Unicode char U+0160 (decimal 352)
   defining Unicode char U+0161 (decimal 353)
   defining Unicode char U+0162 (decimal 354)
   defining Unicode char U+0163 (decimal 355)
   defining Unicode char U+0164 (decimal 356)
   defining Unicode char U+0165 (decimal 357)
   defining Unicode char U+016E (decimal 366)
   defining Unicode char U+016F (decimal 367)
   defining Unicode char U+0170 (decimal 368)
   defining Unicode char U+0171 (decimal 369)
   defining Unicode char U+0178 (decimal 376)
   defining Unicode char U+0179 (decimal 377)
   defining Unicode char U+017A (decimal 378)
   defining Unicode char U+017B (decimal 379)
   defining Unicode char U+017C (decimal 380)
   defining Unicode char U+017D (decimal 381)
   defining Unicode char U+017E (decimal 382)
   defining Unicode char U+200C (decimal 8204)
   defining Unicode char U+2013 (decimal 8211)
   defining Unicode char U+2014 (decimal 8212)
   defining Unicode char U+2018 (decimal 8216)
   defining Unicode char U+2019 (decimal 8217)
   defining Unicode char U+201A (decimal 8218)
   defining Unicode char U+201C (decimal 8220)
   defining Unicode char U+201D (decimal 8221)
   defining Unicode char U+201E (decimal 8222)
   defining Unicode char U+2030 (decimal 8240)
   defining Unicode char U+2031 (decimal 8241)
   defining Unicode char U+2039 (decimal 8249)
   defining Unicode char U+203A (decimal 8250)
   defining Unicode char U+2423 (decimal 9251)
)
Now handling font encoding OT1 ...
... processing UTF-8 mapping file for font encoding OT1

(/usr/share/texlive/texmf-dist/tex/latex/base/ot1enc.dfu
File: ot1enc.dfu 2008/04/05 v1.1m UTF-8 support for inputenc
   defining Unicode char U+00A1 (decimal 161)
   defining Unicode char U+00A3 (decimal 163)
   defining Unicode char U+00B8 (decimal 184)
   defining Unicode char U+00BF (decimal 191)
   defining Unicode char U+00C5 (decimal 197)
   defining Unicode char U+00C6 (decimal 198)
   defining Unicode char U+00D8 (decimal 216)
   defining Unicode char U+00DF (decimal 223)
   defining Unicode char U+00E6 (decimal 230)
   defining Unicode char U+00EC (decimal 236)
   defining Unicode char U+00ED (decimal 237)
   defining Unicode char U+00EE (decimal 238)
   defining Unicode char U+00EF (decimal 239)
   defining Unicode char U+00F8 (decimal 248)
   defining Unicode char U+0131 (decimal 305)
   defining Unicode char U+0141 (decimal 321)
   defining Unicode char U+0142 (decimal 322)
   defining Unicode char U+0152 (decimal 338)
   defining Unicode char U+0153 (decimal 339)
   defining Unicode char U+2013 (decimal 8211)
   defining Unicode char U+2014 (decimal 8212)
   defining Unicode char U+2018 (decimal 8216)
   defining Unicode char U+2019 (decimal 8217)
   defining Unicode char U+201C (decimal 8220)
   defining Unicode char U+201D (decimal 8221)
)
Now handling font encoding OMS ...
... processing UTF-8 mapping file for font encoding OMS

(/usr/share/texlive/texmf-dist/tex/latex/base/omsenc.dfu
File: omsenc.dfu 2008/04/05 v1.1m UTF-8 support for inputenc
   defining Unicode char U+00A7 (decimal 167)
   defining Unicode char U+00B6 (decimal 182)
   defining Unicode char U+00B7 (decimal 183)
   defining Unicode char U+2020 (decimal 8224)
   defining Unicode char U+2021 (decimal 8225)
   defining Unicode char U+2022 (decimal 8226)
)
Now handling font encoding OMX ...
... no UTF-8 mapping file for font encoding OMX
Now handling font encoding U ...
... no UTF-8 mapping file for font encoding U
   defining Unicode char U+00A9 (decimal 169)
   defining Unicode char U+00AA (decimal 170)
   defining Unicode char U+00AE (decimal 174)
   defining Unicode char U+00BA (decimal 186)
   defining Unicode char U+02C6 (decimal 710)
   defining Unicode char U+02DC (decimal 732)
   defining Unicode char U+200C (decimal 8204)
   defining Unicode char U+2026 (decimal 8230)
   defining Unicode char U+2122 (decimal 8482)
   defining Unicode char U+2423 (decimal 9251)
))
(/usr/share/texlive/texmf-dist/tex/latex/base/fontenc.sty
Package: fontenc 2005/09/27 v1.99g Standard LaTeX package

(/usr/share/texlive/texmf-dist/tex/latex/base/t1enc.def
File: t1enc.def 2005/09/27 v1.99g Standard LaTeX file
LaTeX Font Info:    Redeclaring font encoding T1 on input line 43.
))
(/usr/share/texlive/texmf-dist/tex/generic/babel/babel.sty
Package: babel 2014/03/24 3.9k The Babel package

(/usr/share/texlive/texmf-dist/tex/generic/babel-english/english.ldf
Language: english 2012/08/20 v3.3p English support from the babel system

(/usr/share/texlive/texmf-dist/tex/generic/babel/babel.def
File: babel.def 2014/03/24 3.9k Babel common definitions
\babel@savecnt=\count88
\U@D=\dimen103
)
\l@british = a dialect from \language\l@english 
\l@UKenglish = a dialect from \language\l@english 
\l@canadian = a dialect from \language\l@american 
\l@australian = a dialect from \language\l@british 
\l@newzealand = a dialect from \language\l@british 
)
(/usr/share/texlive/texmf-dist/tex/generic/babel-french/frenchb.ldf
Language: frenchb 2014/03/14 v3.0b French support from the babel system
\l@french = a dialect from \language\l@nohyphenation 


Package babel Warning: No hyphenation patterns were preloaded for
(babel)                the language `French' into the format.
(babel)                Please, configure your TeX system to add them and
(babel)                rebuild the format. Now I will use the patterns
(babel)                preloaded for \language=nohyphenation instead on input l
ine 56.

\l@acadian = a dialect from \language\l@french 
\l@canadien = a dialect from \language\l@french 
\FBcolonskip=\skip46
\FBthinskip=\skip47
\FB@interchartokenstateORI=\count89
Package babel Info: Making : an active character on input line 367.
Package babel Info: Making ; an active character on input line 368.
Package babel Info: Making ! an active character on input line 369.
Package babel Info: Making ? an active character on input line 370.
\FBguillskip=\skip48
\FB@Mht=\dimen104
\std@mcc=\count90
\dec@mcc=\count91
\listindentFB=\skip49
\labelwidthFB=\skip50
\leftmarginFB=\skip51
\parindentFFN=\dimen105
)) (/usr/share/texlive/texmf-dist/tex/latex/carlisle/scalefnt.sty)
(/usr/share/texlive/texmf-dist/tex/latex/graphics/keyval.sty
Package: keyval 1999/03/16 v1.13 key=value parser (DPC)
\KV@toks@=\toks16
)
(/usr/share/texlive/texmf-dist/tex/latex/lipsum/lipsum.sty
Package: lipsum 2011/04/14 v1.2 150 paragraphs of Lorem Ipsum dummy text
\c@lips@count=\count92
)
(/usr/share/texlive/texmf-dist/tex/latex/amsmath/amsmath.sty
Package: amsmath 2013/01/14 v2.14 AMS math features
\@mathmargin=\skip52

For additional information on amsmath, use the `?' option.
(/usr/share/texlive/texmf-dist/tex/latex/amsmath/amstext.sty
Package: amstext 2000/06/29 v2.01

(/usr/share/texlive/texmf-dist/tex/latex/amsmath/amsgen.sty
File: amsgen.sty 1999/11/30 v2.0
\@emptytoks=\toks17
\ex@=\dimen106
))
(/usr/share/texlive/texmf-dist/tex/latex/amsmath/amsbsy.sty
Package: amsbsy 1999/11/29 v1.2d
\pmbraise@=\dimen107
)
(/usr/share/texlive/texmf-dist/tex/latex/amsmath/amsopn.sty
Package: amsopn 1999/12/14 v2.01 operator names
)
\inf@bad=\count93
LaTeX Info: Redefining \frac on input line 210.
\uproot@=\count94
\leftroot@=\count95
LaTeX Info: Redefining \overline on input line 306.
\classnum@=\count96
\DOTSCASE@=\count97
LaTeX Info: Redefining \ldots on input line 378.
LaTeX Info: Redefining \dots on input line 381.
LaTeX Info: Redefining \cdots on input line 466.
\Mathstrutbox@=\box26
\strutbox@=\box27
\big@size=\dimen108
LaTeX Font Info:    Redeclaring font encoding OML on input line 566.
LaTeX Font Info:    Redeclaring font encoding OMS on input line 567.
\macc@depth=\count98
\c@MaxMatrixCols=\count99
\dotsspace@=\muskip10
\c@parentequation=\count100
\dspbrk@lvl=\count101
\tag@help=\toks18
\row@=\count102
\column@=\count103
\maxfields@=\count104
\andhelp@=\toks19
\eqnshift@=\dimen109
\alignsep@=\dimen110
\tagshift@=\dimen111
\tagwidth@=\dimen112
\totwidth@=\dimen113
\lineht@=\dimen114
\@envbody=\toks20
\multlinegap=\skip53
\multlinetaggap=\skip54
\mathdisplay@stack=\toks21
LaTeX Info: Redefining \[ on input line 2665.
LaTeX Info: Redefining \] on input line 2666.
)
(/usr/share/texlive/texmf-dist/tex/latex/amsfonts/amssymb.sty
Package: amssymb 2013/01/14 v3.01 AMS font symbols

(/usr/share/texlive/texmf-dist/tex/latex/amsfonts/amsfonts.sty
Package: amsfonts 2013/01/14 v3.01 Basic AMSFonts support
\symAMSa=\mathgroup4
\symAMSb=\mathgroup5
LaTeX Font Info:    Overwriting math alphabet `\mathfrak' in version `bold'
(Font)                  U/euf/m/n --> U/euf/b/n on input line 106.
))
(/usr/share/texlive/texmf-dist/tex/latex/jknapltx/mathrsfs.sty
Package: mathrsfs 1996/01/01 Math RSFS package v1.0 (jk)
\symrsfs=\mathgroup6
)
(/usr/share/texlive/texmf-dist/tex/latex/graphics/graphicx.sty
Package: graphicx 1999/02/16 v1.0f Enhanced LaTeX Graphics (DPC,SPQR)

(/usr/share/texlive/texmf-dist/tex/latex/graphics/graphics.sty
Package: graphics 2009/02/05 v1.0o Standard LaTeX Graphics (DPC,SPQR)

(/usr/share/texlive/texmf-dist/tex/latex/graphics/trig.sty
Package: trig 1999/03/16 v1.09 sin cos tan (DPC)
)
(/usr/share/texlive/texmf-dist/tex/latex/latexconfig/graphics.cfg
File: graphics.cfg 2010/04/23 v1.9 graphics configuration of TeX Live
)
Package graphics Info: Driver file: pdftex.def on input line 91.

(/usr/share/texlive/texmf-dist/tex/latex/pdftex-def/pdftex.def
File: pdftex.def 2011/05/27 v0.06d Graphics/color for pdfTeX

(/usr/share/texlive/texmf-dist/tex/generic/oberdiek/infwarerr.sty
Package: infwarerr 2010/04/08 v1.3 Providing info/warning/error messages (HO)
)
(/usr/share/texlive/texmf-dist/tex/generic/oberdiek/ltxcmds.sty
Package: ltxcmds 2011/11/09 v1.22 LaTeX kernel commands for general use (HO)
)
\Gread@gobject=\count105
))
\Gin@req@height=\dimen115
\Gin@req@width=\dimen116
)
(/usr/share/texlive/texmf-dist/tex/latex/cite/cite.sty
LaTeX Info: Redefining \cite on input line 302.
LaTeX Info: Redefining \nocite on input line 373.
Package: cite 2010/09/10  v 5.3
)
(/usr/share/texlive/texmf-dist/tex/latex/hyperref/nameref.sty
Package: nameref 2012/10/27 v2.43 Cross-referencing by name of section

(/usr/share/texlive/texmf-dist/tex/latex/oberdiek/refcount.sty
Package: refcount 2011/10/16 v3.4 Data extraction from label references (HO)
)
(/usr/share/texlive/texmf-dist/tex/generic/oberdiek/gettitlestring.sty
Package: gettitlestring 2010/12/03 v1.4 Cleanup title references (HO)

(/usr/share/texlive/texmf-dist/tex/latex/oberdiek/kvoptions.sty
Package: kvoptions 2011/06/30 v3.11 Key value format for package options (HO)

(/usr/share/texlive/texmf-dist/tex/generic/oberdiek/kvsetkeys.sty
Package: kvsetkeys 2012/04/25 v1.16 Key value parser (HO)

(/usr/share/texlive/texmf-dist/tex/generic/oberdiek/etexcmds.sty
Package: etexcmds 2011/02/16 v1.5 Avoid name clashes with e-TeX commands (HO)

(/usr/share/texlive/texmf-dist/tex/generic/oberdiek/ifluatex.sty
Package: ifluatex 2010/03/01 v1.3 Provides the ifluatex switch (HO)
Package ifluatex Info: LuaTeX not detected.
)
Package etexcmds Info: Could not find \expanded.
(etexcmds)             That can mean that you are not using pdfTeX 1.50 or
(etexcmds)             that some package has redefined \expanded.
(etexcmds)             In the latter case, load this package earlier.
))))
\c@section@level=\count106
LaTeX Info: Redefining \ref on input line 353.
LaTeX Info: Redefining \pageref on input line 353.
)
(/usr/share/texlive/texmf-dist/tex/latex/hyperref/hyperref.sty
Package: hyperref 2012/11/06 v6.83m Hypertext links for LaTeX

(/usr/share/texlive/texmf-dist/tex/generic/oberdiek/hobsub-hyperref.sty
Package: hobsub-hyperref 2012/05/28 v1.13 Bundle oberdiek, subset hyperref (HO)


(/usr/share/texlive/texmf-dist/tex/generic/oberdiek/hobsub-generic.sty
Package: hobsub-generic 2012/05/28 v1.13 Bundle oberdiek, subset generic (HO)
Package: hobsub 2012/05/28 v1.13 Construct package bundles (HO)
Package hobsub Info: Skipping package `infwarerr' (already loaded).
Package hobsub Info: Skipping package `ltxcmds' (already loaded).
Package hobsub Info: Skipping package `ifluatex' (already loaded).
Package: ifvtex 2010/03/01 v1.5 Detect VTeX and its facilities (HO)
Package ifvtex Info: VTeX not detected.
Package: intcalc 2007/09/27 v1.1 Expandable calculations with integers (HO)
Package: ifpdf 2011/01/30 v2.3 Provides the ifpdf switch (HO)
Package ifpdf Info: pdfTeX in PDF mode is detected.
Package hobsub Info: Skipping package `etexcmds' (already loaded).
Package hobsub Info: Skipping package `kvsetkeys' (already loaded).
Package: kvdefinekeys 2011/04/07 v1.3 Define keys (HO)
Package: pdftexcmds 2011/11/29 v0.20 Utility functions of pdfTeX for LuaTeX (HO
)
Package pdftexcmds Info: LuaTeX not detected.
Package pdftexcmds Info: \pdf@primitive is available.
Package pdftexcmds Info: \pdf@ifprimitive is available.
Package pdftexcmds Info: \pdfdraftmode found.
Package: pdfescape 2011/11/25 v1.13 Implements pdfTeX's escape features (HO)
Package: bigintcalc 2012/04/08 v1.3 Expandable calculations on big integers (HO
)
Package: bitset 2011/01/30 v1.1 Handle bit-vector datatype (HO)
Package: uniquecounter 2011/01/30 v1.2 Provide unlimited unique counter (HO)
)
Package hobsub Info: Skipping package `hobsub' (already loaded).
Package: letltxmacro 2010/09/02 v1.4 Let assignment for LaTeX macros (HO)
Package: hopatch 2012/05/28 v1.2 Wrapper for package hooks (HO)
Package: xcolor-patch 2011/01/30 xcolor patch
Package: atveryend 2011/06/30 v1.8 Hooks at the very end of document (HO)
Package atveryend Info: \enddocument detected (standard20110627).
Package: atbegshi 2011/10/05 v1.16 At begin shipout hook (HO)
Package hobsub Info: Skipping package `refcount' (already loaded).
Package: hycolor 2011/01/30 v1.7 Color options for hyperref/bookmark (HO)
)
(/usr/share/texlive/texmf-dist/tex/generic/ifxetex/ifxetex.sty
Package: ifxetex 2010/09/12 v0.6 Provides ifxetex conditional
)
(/usr/share/texlive/texmf-dist/tex/latex/oberdiek/auxhook.sty
Package: auxhook 2011/03/04 v1.3 Hooks for auxiliary files (HO)
)
\@linkdim=\dimen117
\Hy@linkcounter=\count107
\Hy@pagecounter=\count108

(/usr/share/texlive/texmf-dist/tex/latex/hyperref/pd1enc.def
File: pd1enc.def 2012/11/06 v6.83m Hyperref: PDFDocEncoding definition (HO)
Now handling font encoding PD1 ...
... no UTF-8 mapping file for font encoding PD1
)
\Hy@SavedSpaceFactor=\count109

(/usr/share/texlive/texmf-dist/tex/latex/latexconfig/hyperref.cfg
File: hyperref.cfg 2002/06/06 v1.2 hyperref configuration of TeXLive
)
Package hyperref Info: Hyper figures OFF on input line 4443.
Package hyperref Info: Link nesting OFF on input line 4448.
Package hyperref Info: Hyper index ON on input line 4451.
Package hyperref Info: Plain pages OFF on input line 4458.
Package hyperref Info: Backreferencing OFF on input line 4463.
Package hyperref Info: Implicit mode ON; LaTeX internals redefined.
Package hyperref Info: Bookmarks ON on input line 4688.
\c@Hy@tempcnt=\count110

(/usr/share/texlive/texmf-dist/tex/latex/url/url.sty
\Urlmuskip=\muskip11
Package: url 2013/09/16  ver 3.4  Verb mode for urls, etc.
)
LaTeX Info: Redefining \url on input line 5041.
\XeTeXLinkMargin=\dimen118
\Fld@menulength=\count111
\Field@Width=\dimen119
\Fld@charsize=\dimen120
Package hyperref Info: Hyper figures OFF on input line 6295.
Package hyperref Info: Link nesting OFF on input line 6300.
Package hyperref Info: Hyper index ON on input line 6303.
Package hyperref Info: backreferencing OFF on input line 6310.
Package hyperref Info: Link coloring OFF on input line 6315.
Package hyperref Info: Link coloring with OCG OFF on input line 6320.
Package hyperref Info: PDF/A mode OFF on input line 6325.
LaTeX Info: Redefining \ref on input line 6365.
LaTeX Info: Redefining \pageref on input line 6369.
\Hy@abspage=\count112
\c@Item=\count113
\c@Hfootnote=\count114
)

Package hyperref Message: Driver (autodetected): hpdftex.

(/usr/share/texlive/texmf-dist/tex/latex/hyperref/hpdftex.def
File: hpdftex.def 2012/11/06 v6.83m Hyperref driver for pdfTeX
\Fld@listcount=\count115
\c@bookmark@seq@number=\count116

(/usr/share/texlive/texmf-dist/tex/latex/oberdiek/rerunfilecheck.sty
Package: rerunfilecheck 2011/04/15 v1.7 Rerun checks for auxiliary files (HO)
Package uniquecounter Info: New unique counter `rerunfilecheck' on input line 2
82.
)
\Hy@SectionHShift=\skip55
)
(./main.aux)
\openout1 = `main.aux'.

LaTeX Font Info:    Checking defaults for OML/cmm/m/it on input line 48.
LaTeX Font Info:    ... okay on input line 48.
LaTeX Font Info:    Checking defaults for T1/cmr/m/n on input line 48.
LaTeX Font Info:    ... okay on input line 48.
LaTeX Font Info:    Checking defaults for OT1/cmr/m/n on input line 48.
LaTeX Font Info:    ... okay on input line 48.
LaTeX Font Info:    Checking defaults for OMS/cmsy/m/n on input line 48.
LaTeX Font Info:    ... okay on input line 48.
LaTeX Font Info:    Checking defaults for OMX/cmex/m/n on input line 48.
LaTeX Font Info:    ... okay on input line 48.
LaTeX Font Info:    Checking defaults for U/cmr/m/n on input line 48.
LaTeX Font Info:    ... okay on input line 48.
LaTeX Font Info:    Checking defaults for PD1/pdf/m/n on input line 48.
LaTeX Font Info:    ... okay on input line 48.
 (/usr/share/texlive/texmf-dist/tex/latex/graphics/color.sty
Package: color 2005/11/14 v1.0j Standard LaTeX Color (DPC)

(/usr/share/texlive/texmf-dist/tex/latex/latexconfig/color.cfg
File: color.cfg 2007/01/18 v1.5 color configuration of teTeX/TeXLive
)
Package color Info: Driver file: pdftex.def on input line 130.
)
LaTeX Info: Redefining \degres on input line 48.
LaTeX Info: Redefining \dots on input line 48.
LaTeX Info: Redefining \up on input line 48.

(/usr/share/texlive/texmf-dist/tex/context/base/supp-pdf.mkii
[Loading MPS to PDF converter (version 2006.09.02).]
\scratchcounter=\count117
\scratchdimen=\dimen121
\scratchbox=\box28
\nofMPsegments=\count118
\nofMParguments=\count119
\everyMPshowfont=\toks22
\MPscratchCnt=\count120
\MPscratchDim=\dimen122
\MPnumerator=\count121
\makeMPintoPDFobject=\count122
\everyMPtoPDFconversion=\toks23
) (/usr/share/texlive/texmf-dist/tex/latex/oberdiek/epstopdf-base.sty
Package: epstopdf-base 2010/02/09 v2.5 Base part for package epstopdf

(/usr/share/texlive/texmf-dist/tex/latex/oberdiek/grfext.sty
Package: grfext 2010/08/19 v1.1 Manage graphics extensions (HO)
)
Package grfext Info: Graphics extension search list:
(grfext)             [.png,.pdf,.jpg,.mps,.jpeg,.jbig2,.jb2,.PNG,.PDF,.JPG,.JPE
G,.JBIG2,.JB2,.eps]
(grfext)             \AppendGraphicsExtensions on input line 452.

(/usr/share/texlive/texmf-dist/tex/latex/latexconfig/epstopdf-sys.cfg
File: epstopdf-sys.cfg 2010/07/13 v1.3 Configuration of (r)epstopdf for TeX Liv
e
))
\AtBeginShipoutBox=\box29
Package hyperref Info: Link coloring OFF on input line 48.
LaTeX Info: Redefining \ref on input line 48.
LaTeX Info: Redefining \pageref on input line 48.
LaTeX Info: Redefining \nameref on input line 48.

(./main.out) (./main.out)
\@outlinefile=\write3
\openout3 = `main.out'.

 (./titlepage.tex
LaTeX Font Info:    Try loading font information for T1+phv on input line 52.

(/usr/share/texlive/texmf-dist/tex/latex/psnfss/t1phv.fd
File: t1phv.fd 2001/06/04 scalable font definitions for T1/phv.
)
<logo_Univ_Grenoble.pdf, id=221, 148.3944pt x 148.3944pt>
File: logo_Univ_Grenoble.pdf Graphic file (type pdf)

<use logo_Univ_Grenoble.pdf>
Package pdftex.def Info: logo_Univ_Grenoble.pdf used on input line 52.
(pdftex.def)             Requested size: 148.39403pt x 148.39403pt.


pdfTeX warning: pdflatex (file ./logo_first_ligne.pdf): PDF inclusion: found PD
F version <1.7>, but at most version <1.5> allowed
<logo_first_ligne.pdf, id=223, 845.0471pt x 597.50804pt>
File: logo_first_ligne.pdf Graphic file (type pdf)

<use logo_first_ligne.pdf>
Package pdftex.def Info: logo_first_ligne.pdf used on input line 52.
(pdftex.def)             Requested size: 284.52756pt x 201.18073pt.
LaTeX Font Info:    Font shape `T1/phv/bx/n' in size <11> not available
(Font)              Font shape `T1/phv/b/n' tried instead on input line 52.
LaTeX Font Info:    Font shape `T1/phv/bx/n' in size <16> not available
(Font)              Font shape `T1/phv/b/n' tried instead on input line 52.

Underfull \hbox (badness 3219) in paragraph at lines 52--52
[]\T1/phv/b/n/16 DOCTEUR DE la Communauté UNIVERSITÉ
 []

LaTeX Font Info:    Font shape `T1/phv/bx/n' in size <22> not available
(Font)              Font shape `T1/phv/b/n' tried instead on input line 52.

Overfull \hbox (2.07947pt too wide) in paragraph at lines 52--52
[]\T1/phv/b/n/22 Growth control in microorganisms :
 []

LaTeX Font Info:    Try loading font information for U+msa on input line 52.
(/usr/share/texlive/texmf-dist/tex/latex/amsfonts/umsa.fd
File: umsa.fd 2013/01/14 v3.01 AMS symbols A
)
LaTeX Font Info:    Try loading font information for U+msb on input line 52.

(/usr/share/texlive/texmf-dist/tex/latex/amsfonts/umsb.fd
File: umsb.fd 2013/01/14 v3.01 AMS symbols B
)
LaTeX Font Info:    Try loading font information for U+rsfs on input line 52.

(/usr/share/texlive/texmf-dist/tex/latex/jknapltx/ursfs.fd
File: ursfs.fd 1998/03/24 rsfs font definition file (jk)
)
LaTeX Font Info:    Font shape `T1/phv/bx/n' in size <10> not available
(Font)              Font shape `T1/phv/b/n' tried instead on input line 52.
LaTeX Font Info:    Font shape `T1/phv/bx/n' in size <12> not available
(Font)              Font shape `T1/phv/b/n' tried instead on input line 52.

Overfull \hbox (18.42468pt too wide) in paragraph at lines 52--52
[][] 
 []


Underfull \vbox (badness 10000) detected at line 52
 []

[1

{/usr/share/texlive/texmf-dist/fonts/map/pdftex/updmap/pdftex.map} <./logo_Univ
_Grenoble.pdf> <./logo_first_ligne.pdf>]) (./dedication.tex [2

])
(./acknowledgements.tex [3] [4

]) (./abstract.tex [5] [6

]
Overfull \hbox (0.69177pt too wide) in paragraph at lines 8--8
\T1/cmr/m/n/12 Suspendisse ut massa. Cras nec ante. Pellentesque a nulla. Cum s
ociis natoque
 []

) [7

] [8

] (./main.toc
Overfull \hbox (12.40993pt too wide) in paragraph at lines 13--13
 \T1/cmr/bx/n/12 Con-trol Prob-lem: Novel In-sights into Mi-cro-bial Growth Str
ate- 
 []


Overfull \hbox (4.9147pt too wide) in paragraph at lines 20--20
 [][] [][]\T1/cmr/m/n/12 Growth-rate max-i-miza-tion of the self-replicator re-
pro-duces bac- 
 []

[9])
\tf@toc=\write4
\openout4 = `main.toc'.

 (./Chapters/introduction.tex [10]
Chapter 1.
[11

]
Underfull \vbox (badness 4242) has occurred while \output is active []

 [12])
(./Chapters/theory.tex [13] [14

]
Chapter 2.

Underfull \hbox (badness 10000) in paragraph at lines 10--12

 []

[15]
Overfull \hbox (3.52888pt too wide) in paragraph at lines 41--48
\T1/cmr/m/n/12 num-ber of re-cent the-o-ret-i-cal stud-ies of re-source al-lo-c
a-tion us-ing coarse-grained
 []

[16] [17] [18]
Overfull \hbox (0.62685pt too wide) in paragraph at lines 98--101
[]\T1/cmr/m/n/12 Bearing in mind that the ma-jor con-stituents of the cell are 
macro-molecules
 []

[19]
Package epstopdf Info: Source file: <./Fig/Fig1.eps>
(epstopdf)                    date: 2016-05-24 13:51:24
(epstopdf)                    size: 109450 bytes
(epstopdf)             Output file: <./Fig/Fig1-eps-converted-to.pdf>
(epstopdf)             Command: <repstopdf --outfile=./Fig/Fig1-eps-converted-t
o.pdf ./Fig/Fig1.eps>
(epstopdf)             \includegraphics on input line 114.
runsystem(repstopdf --outfile=./Fig/Fig1-eps-converted-to.pdf ./Fig/Fig1.eps)..
.executed safely (allowed).

Package epstopdf Info: Result file: <./Fig/Fig1-eps-converted-to.pdf>.


! Package pdftex.def Error: File `./Fig/Fig1-eps-converted-to.pdf' not found.

See the pdftex.def package documentation for explanation.
Type  H <return>  for immediate help.
 ...                                              
                                                  
l.114 ...raphics[width=\textwidth]{./Fig/Fig1.eps}
                                                  
Using draft setting for this image.
Try typing  <return>  to proceed.
If that doesn't work, type  X <return>  to quit.

LaTeX Font Info:    Try loading font information for T1+cmtt on input line 114.

(/usr/share/texlive/texmf-dist/tex/latex/base/t1cmtt.fd
File: t1cmtt.fd 1999/05/25 v2.5h Standard LaTeX font definitions
)

LaTeX Warning: `!h' float specifier changed to `!ht'.

[20]
Underfull \vbox (badness 10000) has occurred while \output is active []

 [21]
[22]
Overfull \hbox (32.52983pt too wide) in paragraph at lines 185--185
[]\T1/cmr/bx/n/17.28 Growth-rate max-i-miza-tion of the self-replicator
 []


Overfull \hbox (251.2545pt too wide) has occurred while \output is active
\T1/cmr/m/sl/12 2.5.  GROWTH-RATE MAXIMIZATION OF THE SELF-REPLICATOR REPRODUCE
S BACTERIAL GROWTH LAWS \T1/cmr/m/n/12 23
 []

[23]
Package epstopdf Info: Source file: <./Fig/Fig2.eps>
(epstopdf)                    date: 2016-05-24 13:51:24
(epstopdf)                    size: 294454 bytes
(epstopdf)             Output file: <./Fig/Fig2-eps-converted-to.pdf>
(epstopdf)             Command: <repstopdf --outfile=./Fig/Fig2-eps-converted-t
o.pdf ./Fig/Fig2.eps>
(epstopdf)             \includegraphics on input line 204.
runsystem(repstopdf --outfile=./Fig/Fig2-eps-converted-to.pdf ./Fig/Fig2.eps)..
.executed safely (allowed).

Package epstopdf Info: Result file: <./Fig/Fig2-eps-converted-to.pdf>.


! Package pdftex.def Error: File `./Fig/Fig2-eps-converted-to.pdf' not found.

See the pdftex.def package documentation for explanation.
Type  H <return>  for immediate help.
 ...                                              
                                                  
l.204 ...raphics[width=\textwidth]{./Fig/Fig2.eps}
                                                  
Using draft setting for this image.
Try typing  <return>  to proceed.
If that doesn't work, type  X <return>  to quit.


LaTeX Warning: `!h' float specifier changed to `!ht'.

Package epstopdf Info: Source file: <./Fig/Fig3.eps>
(epstopdf)                    date: 2016-05-24 13:51:24
(epstopdf)                    size: 246569 bytes
(epstopdf)             Output file: <./Fig/Fig3-eps-converted-to.pdf>
(epstopdf)             Command: <repstopdf --outfile=./Fig/Fig3-eps-converted-t
o.pdf ./Fig/Fig3.eps>
(epstopdf)             \includegraphics on input line 223.
runsystem(repstopdf --outfile=./Fig/Fig3-eps-converted-to.pdf ./Fig/Fig3.eps)..
.executed safely (allowed).

Package epstopdf Info: Result file: <./Fig/Fig3-eps-converted-to.pdf>.

! Package pdftex.def Error: File `./Fig/Fig3-eps-converted-to.pdf' not found.

See the pdftex.def package documentation for explanation.
Type  H <return>  for immediate help.
 ...                                              
                                                  
l.223 ...raphics[width=\textwidth]{./Fig/Fig3.eps}
                                                  
Using draft setting for this image.
Try typing  <return>  to proceed.
If that doesn't work, type  X <return>  to quit.


LaTeX Warning: Float too large for page by 72.10678pt on input line 236.


LaTeX Warning: `!h' float specifier changed to `!ht'.

[24]
Underfull \vbox (badness 10000) has occurred while \output is active []


Overfull \hbox (251.2545pt too wide) has occurred while \output is active
\T1/cmr/m/sl/12 2.5.  GROWTH-RATE MAXIMIZATION OF THE SELF-REPLICATOR REPRODUCE
S BACTERIAL GROWTH LAWS \T1/cmr/m/n/12 25
 []

[25]
Overfull \hbox (18.86964pt too wide) in paragraph at lines 257--260
[]\T1/cmr/m/n/12 A self-replicator at steady state ac-cu-mu-lates biomass ac-co
rd-ing to $[]\OT1/cmr/m/n/12 (0) \OML/cmm/m/it/12 e[]$\T1/cmr/m/n/12 ,
 []

[26] [27]
Package epstopdf Info: Source file: <./Fig/Fig4.eps>
(epstopdf)                    date: 2016-05-24 13:51:24
(epstopdf)                    size: 229905 bytes
(epstopdf)             Output file: <./Fig/Fig4-eps-converted-to.pdf>
(epstopdf)             Command: <repstopdf --outfile=./Fig/Fig4-eps-converted-t
o.pdf ./Fig/Fig4.eps>
(epstopdf)             \includegraphics on input line 318.
runsystem(repstopdf --outfile=./Fig/Fig4-eps-converted-to.pdf ./Fig/Fig4.eps)..
.executed safely (allowed).

Package epstopdf Info: Result file: <./Fig/Fig4-eps-converted-to.pdf>.


! Package pdftex.def Error: File `./Fig/Fig4-eps-converted-to.pdf' not found.

See the pdftex.def package documentation for explanation.
Type  H <return>  for immediate help.
 ...                                              
                                                  
l.318 ...raphics[width=\textwidth]{./Fig/Fig4.eps}
                                                  
Using draft setting for this image.
Try typing  <return>  to proceed.
If that doesn't work, type  X <return>  to quit.


LaTeX Warning: `!h' float specifier changed to `!ht'.

[28]
Package epstopdf Info: Source file: <./Fig/Fig5.eps>
(epstopdf)                    date: 2016-05-24 13:51:24
(epstopdf)                    size: 239267 bytes
(epstopdf)             Output file: <./Fig/Fig5-eps-converted-to.pdf>
(epstopdf)             Command: <repstopdf --outfile=./Fig/Fig5-eps-converted-t
o.pdf ./Fig/Fig5.eps>
(epstopdf)             \includegraphics on input line 376.
runsystem(repstopdf --outfile=./Fig/Fig5-eps-converted-to.pdf ./Fig/Fig5.eps)..
.executed safely (allowed).

Package epstopdf Info: Result file: <./Fig/Fig5-eps-converted-to.pdf>.


! Package pdftex.def Error: File `./Fig/Fig5-eps-converted-to.pdf' not found.

See the pdftex.def package documentation for explanation.
Type  H <return>  for immediate help.
 ...                                              
                                                  
l.376 ...raphics[width=\textwidth]{./Fig/Fig5.eps}
                                                  
Using draft setting for this image.
Try typing  <return>  to proceed.
If that doesn't work, type  X <return>  to quit.


LaTeX Warning: `!h' float specifier changed to `!ht'.


Overfull \hbox (273.27827pt too wide) has occurred while \output is active
\T1/cmr/m/sl/12 2.8.  SIMPLE FEEDBACK CONTROL STRATEGIES: EXPLOITING INFORMATIO
N ON NUTRIENTS OR PRECURSORS \T1/cmr/m/n/12 29
 []

[29]
Package epstopdf Info: Source file: <./Fig/Fig6.eps>
(epstopdf)                    date: 2016-05-24 13:51:24
(epstopdf)                    size: 367250 bytes
(epstopdf)             Output file: <./Fig/Fig6-eps-converted-to.pdf>
(epstopdf)             Command: <repstopdf --outfile=./Fig/Fig6-eps-converted-t
o.pdf ./Fig/Fig6.eps>
(epstopdf)             \includegraphics on input line 419.
runsystem(repstopdf --outfile=./Fig/Fig6-eps-converted-to.pdf ./Fig/Fig6.eps)..
.executed safely (allowed).

Package epstopdf Info: Result file: <./Fig/Fig6-eps-converted-to.pdf>.


! Package pdftex.def Error: File `./Fig/Fig6-eps-converted-to.pdf' not found.

See the pdftex.def package documentation for explanation.
Type  H <return>  for immediate help.
 ...                                              
                                                  
l.419 \includegraphics[height=5cm]{./Fig/Fig6.eps}
                                                  
Using draft setting for this image.
Try typing  <return>  to proceed.
If that doesn't work, type  X <return>  to quit.


LaTeX Warning: `!h' float specifier changed to `!ht'.

[30]
Overfull \hbox (273.27827pt too wide) has occurred while \output is active
\T1/cmr/m/sl/12 2.8.  SIMPLE FEEDBACK CONTROL STRATEGIES: EXPLOITING INFORMATIO
N ON NUTRIENTS OR PRECURSORS \T1/cmr/m/n/12 31
 []

[31]
Overfull \hbox (1.41353pt too wide) in paragraph at lines 475--475
\T1/cmr/bx/n/17.28 ex-ploit-ing in-for-ma-tion on the im-bal-ance be-
 []

[32]
Package epstopdf Info: Source file: <./Fig/Fig7.eps>
(epstopdf)                    date: 2016-05-24 13:51:24
(epstopdf)                    size: 356231 bytes
(epstopdf)             Output file: <./Fig/Fig7-eps-converted-to.pdf>
(epstopdf)             Command: <repstopdf --outfile=./Fig/Fig7-eps-converted-t
o.pdf ./Fig/Fig7.eps>
(epstopdf)             \includegraphics on input line 508.
runsystem(repstopdf --outfile=./Fig/Fig7-eps-converted-to.pdf ./Fig/Fig7.eps)..
.executed safely (allowed).

Package epstopdf Info: Result file: <./Fig/Fig7-eps-converted-to.pdf>.


! Package pdftex.def Error: File `./Fig/Fig7-eps-converted-to.pdf' not found.

See the pdftex.def package documentation for explanation.
Type  H <return>  for immediate help.
 ...                                              
                                                  
l.508 \includegraphics[height=5cm]{./Fig/Fig7.eps}
                                                  
Using draft setting for this image.
Try typing  <return>  to proceed.
If that doesn't work, type  X <return>  to quit.


LaTeX Warning: `!h' float specifier changed to `!ht'.


Overfull \hbox (648.9761pt too wide) has occurred while \output is active
\T1/cmr/m/sl/12 2.9.  A NEAR-OPTIMAL FEEDBACK CONTROL STRATEGY: EXPLOITING INFO
RMATION ON THE IMBALANCE BETWEEN PRECURSORS AND THE GENE EXPRESSION MACHINERY \
T1/cmr/m/n/12 33
 []

[33]
Package epstopdf Info: Source file: <./Fig/Fig8.eps>
(epstopdf)                    date: 2016-05-24 13:51:25
(epstopdf)                    size: 133326 bytes
(epstopdf)             Output file: <./Fig/Fig8-eps-converted-to.pdf>
(epstopdf)             Command: <repstopdf --outfile=./Fig/Fig8-eps-converted-t
o.pdf ./Fig/Fig8.eps>
(epstopdf)             \includegraphics on input line 556.
runsystem(repstopdf --outfile=./Fig/Fig8-eps-converted-to.pdf ./Fig/Fig8.eps)..
.executed safely (allowed).

Package epstopdf Info: Result file: <./Fig/Fig8-eps-converted-to.pdf>.


! Package pdftex.def Error: File `./Fig/Fig8-eps-converted-to.pdf' not found.

See the pdftex.def package documentation for explanation.
Type  H <return>  for immediate help.
 ...                                              
                                                  
l.556 ...raphics[width=\textwidth]{./Fig/Fig8.eps}
                                                  
Using draft setting for this image.
Try typing  <return>  to proceed.
If that doesn't work, type  X <return>  to quit.


LaTeX Warning: `!h' float specifier changed to `!ht'.

[34] [35] [36] [37] [38] [39] [40]
Overfull \hbox (8.83131pt too wide) in paragraph at lines 736--737
[]\T1/cmr/m/n/12 For any given con-stant en-vi-ron-ment $\OML/cmm/m/it/12 E[]$\
T1/cmr/m/n/12 , they drive the self-replicator
 []


Overfull \hbox (1.8523pt too wide) in paragraph at lines 737--738
[]\T1/cmr/m/n/12 This steady state cor-re-sponds to the op-ti-mal steady state 
$\OT1/cmr/m/n/12 ([]\OML/cmm/m/it/12 ; []\OT1/cmr/m/n/12 )$\T1/cmr/m/n/12 ,
 []

[41]
Overfull \hbox (3.129pt too wide) in paragraph at lines 757--764
\T1/cmr/m/n/12 As shown in []S1 Text[] by com-put-ing the Ja-co-bian, the sys-t
em given by Eqs []2.11[]-
 []


Overfull \hbox (2.11177pt too wide) in paragraph at lines 773--778
\T1/cmr/m/n/12 nullcline crosses the func-tion $\OML/cmm/m/it/12 g\OT1/cmr/m/n/
12 ([])$ \T1/cmr/m/n/12 only once, as shown graph-i-cally in Fig. []2.7[]\T1/cm
r/m/it/12 A\T1/cmr/m/n/12 .
 []

[42] [43] [44] [45] [46] [47] [48] [49] [50

] [51pdfTeX warning (ext4): destination with the same identifier (name{equation
.2.12.36}) has been already used, duplicate ignored

\AtBegShi@Output ...ipout \box \AtBeginShipoutBox 
                                                  \fi \fi 
l.876 \end{equation}
                    ]
Overfull \hbox (14.01129pt too wide) detected at line 918
[][] \OT1/cmr/m/n/12 = [] = []\OML/cmm/m/it/12 :
 []

[52] [53]
Overfull \hbox (8.83131pt too wide) in paragraph at lines 984--985
[]\T1/cmr/m/n/12 For any given con-stant en-vi-ron-ment $\OML/cmm/m/it/12 E[]$\
T1/cmr/m/n/12 , they drive the self-replicator
 []


Overfull \hbox (1.8523pt too wide) in paragraph at lines 985--986
[]\T1/cmr/m/n/12 This steady state cor-re-sponds to the op-ti-mal steady state 
$\OT1/cmr/m/n/12 ([]\OML/cmm/m/it/12 ; []\OT1/cmr/m/n/12 )$\T1/cmr/m/n/12 ,
 []

[54] [55]
Overfull \hbox (34.748pt too wide) detected at line 1082
[]\OML/cmm/m/it/12 J[] \OT1/cmr/m/n/12 = [] \OML/cmm/m/it/12 :
 []

[56]
Package epstopdf Info: Source file: <Fig/Fig_sliding.eps>
(epstopdf)                    date: 2016-05-24 13:51:25
(epstopdf)                    size: 61130 bytes
(epstopdf)             Output file: <Fig/Fig_sliding-eps-converted-to.pdf>
(epstopdf)             Command: <repstopdf --outfile=Fig/Fig_sliding-eps-conver
ted-to.pdf Fig/Fig_sliding.eps>
(epstopdf)             \includegraphics on input line 1119.
runsystem(repstopdf --outfile=Fig/Fig_sliding-eps-converted-to.pdf Fig/Fig_slid
ing.eps)...executed safely (allowed).

Package epstopdf Info: Result file: <Fig/Fig_sliding-eps-converted-to.pdf>.


! Package pdftex.def Error: File `Fig/Fig_sliding-eps-converted-to.pdf' not fou
nd.

See the pdftex.def package documentation for explanation.
Type  H <return>  for immediate help.
 ...                                              
                                                  
l.1119 ...idth=0.8\textwidth]{Fig/Fig_sliding.eps}
                                                  
Using draft setting for this image.
Try typing  <return>  to proceed.
If that doesn't work, type  X <return>  to quit.


LaTeX Warning: `h' float specifier changed to `ht'.

[57] [58]
Overfull \hbox (13.54846pt too wide) in paragraph at lines 1178--1180
[]\T1/cmr/m/n/12 Ref. [[]80[]] pro-vides a typ-i-cal value for such a re-ac-tio
n, cat-alyzed by glutaminyl-
 []


Overfull \hbox (11.24422pt too wide) in paragraph at lines 1178--1180
\T1/cmr/m/n/12 tRNA syn-thetase: $\OML/cmm/m/it/12 k[] \OT1/cmr/m/n/12 = 3\OML/
cmm/m/it/12 :\OT1/cmr/m/n/12 2$ \T1/cmr/m/n/12 s$[]$, in-di-cat-ing that on av-
er-age 3.2 glutaminyl-
 []

[59

] [60] [61]
Overfull \hbox (1.72568pt too wide) in paragraph at lines 1243--1243
[]\T1/cmr/bx/n/17.28 S3 Text -- So-lu-tion of op-ti-mal con-trol prob-
 []


LaTeX Warning: Reference `S1.eq:supp_growthrate_adim' on page 62 undefined on i
nput line 1256.

[62

]
Overfull \hbox (18.71075pt too wide) in paragraph at lines 1302--1303
[]\T1/cmr/m/n/12 An ex-tremal tra-jec-tory is a quadru-plet $\OT1/cmr/m/n/12 ([
](\OMS/cmsy/m/n/12 ^^A\OT1/cmr/m/n/12 )\OML/cmm/m/it/12 ; ^^U\OT1/cmr/m/n/12 (\
OMS/cmsy/m/n/12 ^^A\OT1/cmr/m/n/12 )\OML/cmm/m/it/12 ; ^^U[]; \OT1/cmr/m/n/12 
(\OMS/cmsy/m/n/12 ^^A\OT1/cmr/m/n/12 ))$ \T1/cmr/m/n/12 sat-is-fy-ing Eqs []2.6
1[]-
 []


Underfull \hbox (badness 10000) in paragraph at lines 1302--1303

 []

[63]
Underfull \hbox (badness 10000) in paragraph at lines 1329--1331

 []

[64]
Package epstopdf Info: Source file: <Fig/adj2ab.eps>
(epstopdf)                    date: 2016-05-24 13:51:25
(epstopdf)                    size: 9166 bytes
(epstopdf)             Output file: <Fig/adj2ab-eps-converted-to.pdf>
(epstopdf)             Command: <repstopdf --outfile=Fig/adj2ab-eps-converted-t
o.pdf Fig/adj2ab.eps>
(epstopdf)             \includegraphics on input line 1343.
runsystem(repstopdf --outfile=Fig/adj2ab-eps-converted-to.pdf Fig/adj2ab.eps)..
.executed safely (allowed).

Package epstopdf Info: Result file: <Fig/adj2ab-eps-converted-to.pdf>.


! Package pdftex.def Error: File `Fig/adj2ab-eps-converted-to.pdf' not found.

See the pdftex.def package documentation for explanation.
Type  H <return>  for immediate help.
 ...                                              
                                                  
l.1343 ...cs[width=0.35\textwidth]{Fig/adj2ab.eps}
                                                  
Using draft setting for this image.
Try typing  <return>  to proceed.
If that doesn't work, type  X <return>  to quit.

Package epstopdf Info: Source file: <Fig/adj2.eps>
(epstopdf)                    date: 2016-05-24 13:51:25
(epstopdf)                    size: 20738 bytes
(epstopdf)             Output file: <Fig/adj2-eps-converted-to.pdf>
(epstopdf)             Command: <repstopdf --outfile=Fig/adj2-eps-converted-to.
pdf Fig/adj2.eps>
(epstopdf)             \includegraphics on input line 1344.
runsystem(repstopdf --outfile=Fig/adj2-eps-converted-to.pdf Fig/adj2.eps)...exe
cuted safely (allowed).

Package epstopdf Info: Result file: <Fig/adj2-eps-converted-to.pdf>.

! Package pdftex.def Error: File `Fig/adj2-eps-converted-to.pdf' not found.

See the pdftex.def package documentation for explanation.
Type  H <return>  for immediate help.
 ...                                              
                                                  
l.1344 ...phics[width=0.6\textwidth]{Fig/adj2.eps}
                                                  
Using draft setting for this image.
Try typing  <return>  to proceed.
If that doesn't work, type  X <return>  to quit.

[65] [66]

LaTeX Warning: Reference `S4.tab:notations' on page 67 undefined on input line 
1388.


LaTeX Warning: Reference `S4.tab:notations' on page 67 undefined on input line 
1395.

[67

] [68]

LaTeX Warning: Reference `S4.eq:rttot-f' on page 69 undefined on input line 146
1.


LaTeX Warning: Reference `S4.fig:ppGpp' on page 69 undefined on input line 1472
.

Package epstopdf Info: Source file: <./Fig/FigS4-1.eps>
(epstopdf)                    date: 2016-05-24 13:51:25
(epstopdf)                    size: 95226 bytes
(epstopdf)             Output file: <./Fig/FigS4-1-eps-converted-to.pdf>
(epstopdf)             Command: <repstopdf --outfile=./Fig/FigS4-1-eps-converte
d-to.pdf ./Fig/FigS4-1.eps>
(epstopdf)             \includegraphics on input line 1484.
runsystem(repstopdf --outfile=./Fig/FigS4-1-eps-converted-to.pdf ./Fig/FigS4-1.
eps)...executed safely (allowed).

Package epstopdf Info: Result file: <./Fig/FigS4-1-eps-converted-to.pdf>.

! Package pdftex.def Error: File `./Fig/FigS4-1-eps-converted-to.pdf' not found
.

See the pdftex.def package documentation for explanation.
Type  H <return>  for immediate help.
 ...                                              
                                                  
l.1484 ...[width=0.7\textwidth]{./Fig/FigS4-1.eps}
                                                  
Using draft setting for this image.
Try typing  <return>  to proceed.
If that doesn't work, type  X <return>  to quit.


LaTeX Warning: `!h' float specifier changed to `!ht'.

[69] [70] [71]
Overfull \hbox (21.73697pt too wide) in paragraph at lines 1567--1567
[]\T1/cmr/bx/n/17.28 S1 Ta-ble -- Pa-ram-e-ter val-ues of self-replicator
 []

[72

]
Package epstopdf Info: Source file: <./Fig/plot_strategies.eps>
(epstopdf)                    date: 2016-05-24 13:51:25
(epstopdf)                    size: 68692 bytes
(epstopdf)             Output file: <./Fig/plot_strategies-eps-converted-to.pdf
>
(epstopdf)             Command: <repstopdf --outfile=./Fig/plot_strategies-eps-
converted-to.pdf ./Fig/plot_strategies.eps>
(epstopdf)             \includegraphics on input line 1606.
runsystem(repstopdf --outfile=./Fig/plot_strategies-eps-converted-to.pdf ./Fig/
plot_strategies.eps)...executed safely (allowed).

Package epstopdf Info: Result file: <./Fig/plot_strategies-eps-converted-to.pdf
>.


! Package pdftex.def Error: File `./Fig/plot_strategies-eps-converted-to.pdf' n
ot found.

See the pdftex.def package documentation for explanation.
Type  H <return>  for immediate help.
 ...                                              
                                                  
l.1606 ...h=\textwidth]{./Fig/plot_strategies.eps}
                                                  
Using draft setting for this image.
Try typing  <return>  to proceed.
If that doesn't work, type  X <return>  to quit.


LaTeX Warning: `!h' float specifier changed to `!ht'.

) (./Chapters/experiments.tex
Overfull \hbox (233.25072pt too wide) has occurred while \output is active
\T1/cmr/m/sl/12 2.17.  S1 FIGURE -- SIMPLE CONTROL STRATEGIES FOR THE SELF-REPL
ICATOR OF BACTERIAL GROWTH \T1/cmr/m/n/12 73
 []

[73

]

LaTeX Warning: Text page 74 contains only floats.

[74]
Chapter 3.

Overfull \hbox (6.1449pt too wide) in paragraph at lines 19--20
[]\T1/cmr/m/n/12 the sec-ond ex-per-i-ment might not work (poor precul-ture, de
-vice plugged,
 []

[75

]
Overfull \hbox (188.43925pt too wide) has occurred while \output is active
\T1/cmr/m/n/12 76 \T1/cmr/m/sl/12 CHAPTER 3.  MONITORING OF GENE EXPRESSION MAC
HINERY DURING GROWTH TRANSITIONS
 []

[76]) (./Chapters/discussion.tex [77]
Overfull \hbox (188.43925pt too wide) has occurred while \output is active
\T1/cmr/m/n/12 78 \T1/cmr/m/sl/12 CHAPTER 3.  MONITORING OF GENE EXPRESSION MAC
HINERY DURING GROWTH TRANSITIONS
 []

[78

]
Chapter 4.
) (./main.bbl [79] [80

]
Underfull \hbox (badness 1147) in paragraph at lines 19--25
\T1/cmr/m/n/12 of mi-cro-bial metabolism.  J Evol Biol. 2010 Mar;23(3):609--13.

 []

[81]
Underfull \hbox (badness 3058) in paragraph at lines 146--151
[]\T1/cmr/m/n/12 Fishov I, Zarit-sky A, Grover NB.  On mi-cro-bial states of
 []

[82] [83]
Underfull \hbox (badness 1484) in paragraph at lines 282--287
[]\T1/cmr/m/n/12 Schaechter M.  Pat-terns of cel-lu-lar con-trol dur-ing un-bal
-anced
 []


Underfull \hbox (badness 3907) in paragraph at lines 314--320
[]\T1/cmr/m/n/12 Deutscher J, Francke C, Postma PW.  How phos-pho-trans-
 []

[84]
Underfull \hbox (badness 5622) in paragraph at lines 371--376
[]\T1/cmr/m/n/12 Scott M, Hwa T.  Bac-te-rial growth laws and their ap-
 []


Underfull \hbox (badness 10000) in paragraph at lines 371--376
\T1/cmr/m/n/12 pli-ca-tions.  Curr Opin Biotech-nol. 2011 Aug;22(4):559--65.
 []

[85]
Underfull \hbox (badness 1009) in paragraph at lines 452--458
\T1/cmr/m/n/12 trol of bac-te-rial home-osta-sis.  J Bac-te-riol. 2015;197(7):1
146--56.
 []


Underfull \hbox (badness 7558) in paragraph at lines 460--465
[]\T1/cmr/m/n/12 Liu K, Bit-tner AN, Wang JD.  Di-ver-sity in (p)ppGpp
 []


Underfull \hbox (badness 1565) in paragraph at lines 460--465
\T1/cmr/m/n/12 metabolism and ef-fec-tors.  Curr Opin Mi-cro-biol. 2015;24:72--
9.
 []


Underfull \hbox (badness 1097) in paragraph at lines 518--522
[]\T1/cmr/m/n/12 Duncombe TA, Ten-tori AM, Herr AE.  Mi-croflu-idics: re-fram-
 []

[86]
Underfull \hbox (badness 1072) in paragraph at lines 577--582
[]\T1/cmr/m/n/12 Filippov AF.  Dif-fer-en-tial Equa-tions with Dis-con-tin-u-ou
s Right-
 []


Underfull \hbox (badness 2245) in paragraph at lines 577--582
\T1/cmr/m/n/12 hand Sides.  Dor-drecht: Kluwer Aca-demic Pub-lish-ers; 1988.
 []


Underfull \hbox (badness 1092) in paragraph at lines 590--597
\T1/cmr/m/n/12 Equa-tion Solvers.  ACM Trans Math Softw. 2005;31(3):363--96.
 []


Underfull \hbox (badness 1946) in paragraph at lines 599--605
[]\T1/cmr/m/n/12 Uter NT, Per-ona JJ.  Long-range in-tramolec-u-lar sig-nal-ing
 in
 []


Underfull \hbox (badness 1226) in paragraph at lines 599--605
\T1/cmr/m/n/12 a tRNA syn-thetase com-plex re-vealed by pre-steady-state ki-net
-
 []


Underfull \hbox (badness 2846) in paragraph at lines 599--605
\T1/cmr/m/n/12 ics.  Proc Natl Acad Sci USA. 2004 Oct;101(40):14396--401.
 []

[87])
Package atveryend Info: Empty hook `BeforeClearDocument' on input line 72.
 [88]
Package atveryend Info: Empty hook `AfterLastShipout' on input line 72.
 (./main.aux)
Package atveryend Info: Executing hook `AtVeryEndDocument' on input line 72.
Package atveryend Info: Executing hook `AtEndAfterFileList' on input line 72.
Package rerunfilecheck Info: File `main.out' has not changed.
(rerunfilecheck)             Checksum: 6ADF5ECFF014378DFC6D46861A7FE413;4467.


LaTeX Warning: There were undefined references.


LaTeX Warning: Label(s) may have changed. Rerun to get cross-references right.

Package atveryend Info: Empty hook `AtVeryVeryEnd' on input line 72.
 ) 
Here is how much of TeX's memory you used:
 8586 strings out of 495025
 122366 string characters out of 6181516
 318093 words of memory out of 5000000
 11248 multiletter control sequences out of 15000+600000
 53132 words of font info for 100 fonts, out of 8000000 for 9000
 14 hyphenation exceptions out of 8191
 42i,15n,31p,1087b,621s stack positions out of 5000i,500n,10000p,200000b,80000s
{/usr/share/texlive/texmf-dist/fonts/enc/dvips/cm-super/cm-super-t1.enc}{/usr
/share/texlive/texmf-dist/fonts/enc/dvips/base/8r.enc}</usr/share/texlive/texmf
-dist/fonts/type1/public/amsfonts/cm/cmex10.pfb></usr/share/texlive/texmf-dist/
fonts/type1/public/amsfonts/cmextra/cmex7.pfb></usr/share/texlive/texmf-dist/fo
nts/type1/public/amsfonts/cm/cmmi10.pfb></usr/share/texlive/texmf-dist/fonts/ty
pe1/public/amsfonts/cm/cmmi12.pfb></usr/share/texlive/texmf-dist/fonts/type1/pu
blic/amsfonts/cm/cmmi5.pfb></usr/share/texlive/texmf-dist/fonts/type1/public/am
sfonts/cm/cmmi6.pfb></usr/share/texlive/texmf-dist/fonts/type1/public/amsfonts/
cm/cmmi7.pfb></usr/share/texlive/texmf-dist/fonts/type1/public/amsfonts/cm/cmmi
8.pfb></usr/share/texlive/texmf-dist/fonts/type1/public/amsfonts/cm/cmr10.pfb><
/usr/share/texlive/texmf-dist/fonts/type1/public/amsfonts/cm/cmr12.pfb></usr/sh
are/texlive/texmf-dist/fonts/type1/public/amsfonts/cm/cmr5.pfb></usr/share/texl
ive/texmf-dist/fonts/type1/public/amsfonts/cm/cmr6.pfb></usr/share/texlive/texm
f-dist/fonts/type1/public/amsfonts/cm/cmr7.pfb></usr/share/texlive/texmf-dist/f
onts/type1/public/amsfonts/cm/cmr8.pfb></usr/share/texlive/texmf-dist/fonts/typ
e1/public/amsfonts/cm/cmsy10.pfb></usr/share/texlive/texmf-dist/fonts/type1/pub
lic/amsfonts/cm/cmsy5.pfb></usr/share/texlive/texmf-dist/fonts/type1/public/ams
fonts/cm/cmsy6.pfb></usr/share/texlive/texmf-dist/fonts/type1/public/amsfonts/c
m/cmsy8.pfb></usr/share/texlive/texmf-dist/fonts/type1/public/amsfonts/cm/cmtt1
2.pfb></usr/share/texlive/texmf-dist/fonts/type1/public/amsfonts/symbols/msbm10
.pfb></usr/share/texlive/texmf-dist/fonts/type1/public/cm-super/sfbi1200.pfb></
usr/share/texlive/texmf-dist/fonts/type1/public/cm-super/sfbi1728.pfb></usr/sha
re/texlive/texmf-dist/fonts/type1/public/cm-super/sfbx0600.pfb></usr/share/texl
ive/texmf-dist/fonts/type1/public/cm-super/sfbx1200.pfb></usr/share/texlive/tex
mf-dist/fonts/type1/public/cm-super/sfbx1440.pfb></usr/share/texlive/texmf-dist
/fonts/type1/public/cm-super/sfbx1728.pfb></usr/share/texlive/texmf-dist/fonts/
type1/public/cm-super/sfbx2488.pfb></usr/share/texlive/texmf-dist/fonts/type1/p
ublic/cm-super/sfrm0500.pfb></usr/share/texlive/texmf-dist/fonts/type1/public/c
m-super/sfrm0600.pfb></usr/share/texlive/texmf-dist/fonts/type1/public/cm-super
/sfrm0800.pfb></usr/share/texlive/texmf-dist/fonts/type1/public/cm-super/sfrm10
00.pfb></usr/share/texlive/texmf-dist/fonts/type1/public/cm-super/sfrm1200.pfb>
</usr/share/texlive/texmf-dist/fonts/type1/public/cm-super/sfsl1200.pfb></usr/s
hare/texlive/texmf-dist/fonts/type1/public/cm-super/sfti0800.pfb></usr/share/te
xlive/texmf-dist/fonts/type1/public/cm-super/sfti1200.pfb></usr/share/texlive/t
exmf-dist/fonts/type1/public/cm-super/sftt0800.pfb></usr/share/texlive/texmf-di
st/fonts/type1/public/cm-super/sftt1200.pfb></usr/share/texlive/texmf-dist/font
s/type1/urw/helvetic/uhvb8a.pfb></usr/share/texlive/texmf-dist/fonts/type1/urw/
helvetic/uhvr8a.pfb>
Output written on main.pdf (88 pages, 893985 bytes).
PDF statistics:
 1617 PDF objects out of 1728 (max. 8388607)
 1427 compressed objects within 15 object streams
 335 named destinations out of 1000 (max. 500000)
 455 words of extra memory for PDF output out of 10000 (max. 10000000)

