\BOOKMARK [0][-]{chapter.1}{Introduction}{}% 1
\BOOKMARK [1][-]{section.1.1}{Context and motivations}{chapter.1}% 2
\BOOKMARK [1][-]{section.1.2}{Problem statement}{chapter.1}% 3
\BOOKMARK [1][-]{section.1.3}{Related work}{chapter.1}% 4
\BOOKMARK [1][-]{section.1.4}{Approach}{chapter.1}% 5
\BOOKMARK [1][-]{section.1.5}{Organisation of the dissertation}{chapter.1}% 6
\BOOKMARK [0][-]{chapter.2}{Dynamical Allocation of Cellular Resources as an Optimal Control Problem: Novel Insights into Microbial Growth Strategies }{}% 7
\BOOKMARK [1][-]{section.2.1}{Abstract}{chapter.2}% 8
\BOOKMARK [1][-]{section.2.2}{Introduction}{chapter.2}% 9
\BOOKMARK [1][-]{section.2.3}{Results}{chapter.2}% 10
\BOOKMARK [1][-]{section.2.4}{Self-replicator model of resource allocation}{chapter.2}% 11
\BOOKMARK [1][-]{section.2.5}{Growth-rate maximization of the self-replicator reproduces bacterial growth laws}{chapter.2}% 12
\BOOKMARK [1][-]{section.2.6}{Biomass maximization as an optimal control problem}{chapter.2}% 13
\BOOKMARK [1][-]{section.2.7}{Solution of the optimal control problem}{chapter.2}% 14
\BOOKMARK [1][-]{section.2.8}{Simple feedback control strategies: exploiting information on nutrients or precursors}{chapter.2}% 15
\BOOKMARK [1][-]{section.2.9}{A near-optimal feedback control strategy: exploiting information on the imbalance between precursors and the gene expression machinery}{chapter.2}% 16
\BOOKMARK [1][-]{section.2.10}{Discussion}{chapter.2}% 17
\BOOKMARK [1][-]{section.2.11}{Methods}{chapter.2}% 18
\BOOKMARK [1][-]{section.2.12}{Steady-state analysis of model}{chapter.2}% 19
\BOOKMARK [1][-]{section.2.13}{Model fitting}{chapter.2}% 20
\BOOKMARK [1][-]{section.2.14}{Solution of optimal control problem}{chapter.2}% 21
\BOOKMARK [1][-]{section.2.15}{Specification and analysis of control strategies}{chapter.2}% 22
\BOOKMARK [1][-]{section.2.16}{S1 Text \205 Model derivation and analysis}{chapter.2}% 23
\BOOKMARK [1][-]{section.2.17}{S2 Text \205 Model parameters}{chapter.2}% 24
\BOOKMARK [1][-]{section.2.18}{S3 Text \205 Solution of optimal control problem}{chapter.2}% 25
\BOOKMARK [1][-]{section.2.19}{S4 Text \205 Kinetic model of the ppGpp system}{chapter.2}% 26
\BOOKMARK [1][-]{section.2.20}{S1 Table \205 Parameter values of self-replicator model}{chapter.2}% 27
\BOOKMARK [1][-]{section.2.21}{S1 Figure \205 Simple control strategies for the self-replicator of bacterial growth}{chapter.2}% 28
\BOOKMARK [0][-]{chapter.3}{Monitoring Gene Expression Machinery during growth transitions}{}% 29
\BOOKMARK [0][-]{chapter.4}{Discussion}{}% 30
